<?xml version="1.0" encoding="UTF-8"?>
<!-- Generated by org.testng.reporters.JUnitReportReporter -->
<testsuite skipped="0" hostname="hp-PC" name="runners.PositiveTest" tests="1" failures="0" timestamp="2020-09-06T19:49:01 IST" time="25.636" errors="0">
  <testcase name="feature" time="25.636" classname="runners.PositiveTest"/>
</testsuite> <!-- runners.PositiveTest -->
